                        	LIST MACRO
                        	LIST EXPAND
000000                  	include _s1smps2asm_S1KC.asm
                        ; Standard Octave Pitch Equates
       = 000088         smpsPitch10lo		EQU	$88
       = 000094         smpsPitch09lo		EQU	$94
       = 0000A0         smpsPitch08lo		EQU	$A0
       = 0000AC         smpsPitch07lo		EQU	$AC
       = 0000B8         smpsPitch06lo		EQU	$B8
       = 0000C4         smpsPitch05lo		EQU	$C4
       = 0000D0         smpsPitch04lo		EQU	$D0
       = 0000DC         smpsPitch03lo		EQU	$DC
       = 0000E8         smpsPitch02lo		EQU	$E8
       = 0000F4         smpsPitch01lo		EQU	$F4
       = 000000         smpsPitch00			EQU	$00
       = 00000C         smpsPitch01hi		EQU	$0C
       = 000018         smpsPitch02hi		EQU	$18
       = 000024         smpsPitch03hi		EQU	$24
       = 000030         smpsPitch04hi		EQU	$30
       = 00003C         smpsPitch05hi		EQU	$3C
       = 000048         smpsPitch06hi		EQU	$48
       = 000054         smpsPitch07hi		EQU	$54
       = 000060         smpsPitch08hi		EQU	$60
       = 00006C         smpsPitch09hi		EQU	$6C
       = 000078         smpsPitch10hi		EQU	$78

                        ; Note Equates
       = 000080         nRst			EQU	$80
       = 000081         nC0			EQU	$81
       = 000082         nCs0			EQU	$82
       = 000083         nD0			EQU	$83
       = 000084         nEb0			EQU	$84
       = 000085         nE0			EQU	$85
       = 000086         nF0			EQU	$86
       = 000087         nFs0			EQU	$87
       = 000088         nG0			EQU	$88
       = 000089         nAb0			EQU	$89
       = 00008A         nA0			EQU	$8A
       = 00008B         nBb0			EQU	$8B
       = 00008C         nB0			EQU	$8C
       = 00008D         nC1			EQU	$8D
       = 00008E         nCs1			EQU	$8E
       = 00008F         nD1			EQU	$8F
       = 000090         nEb1			EQU	$90
       = 000091         nE1			EQU	$91
       = 000092         nF1			EQU	$92
       = 000093         nFs1			EQU	$93
       = 000094         nG1			EQU	$94
       = 000095         nAb1			EQU	$95
       = 000096         nA1			EQU	$96
       = 000097         nBb1			EQU	$97
       = 000098         nB1			EQU	$98
       = 000099         nC2			EQU	$99
       = 00009A         nCs2			EQU	$9A
       = 00009B         nD2			EQU	$9B
       = 00009C         nEb2			EQU	$9C
       = 00009D         nE2			EQU	$9D
       = 00009E         nF2			EQU	$9E
       = 00009F         nFs2			EQU	$9F
       = 0000A0         nG2			EQU	$A0
       = 0000A1         nAb2			EQU	$A1
       = 0000A2         nA2			EQU	$A2
       = 0000A3         nBb2			EQU	$A3
       = 0000A4         nB2			EQU	$A4
       = 0000A5         nC3			EQU	$A5
       = 0000A6         nCs3			EQU	$A6
       = 0000A7         nD3			EQU	$A7
       = 0000A8         nEb3			EQU	$A8
       = 0000A9         nE3			EQU	$A9
       = 0000AA         nF3			EQU	$AA
       = 0000AB         nFs3			EQU	$AB
       = 0000AC         nG3			EQU	$AC
       = 0000AD         nAb3			EQU	$AD
       = 0000AE         nA3			EQU	$AE
       = 0000AF         nBb3			EQU	$AF
       = 0000B0         nB3			EQU	$B0
       = 0000B1         nC4			EQU	$B1
       = 0000B2         nCs4			EQU	$B2
       = 0000B3         nD4			EQU	$B3
       = 0000B4         nEb4			EQU	$B4
       = 0000B5         nE4			EQU	$B5
       = 0000B6         nF4			EQU	$B6
       = 0000B7         nFs4			EQU	$B7
       = 0000B8         nG4			EQU	$B8
       = 0000B9         nAb4			EQU	$B9
       = 0000BA         nA4			EQU	$BA
       = 0000BB         nBb4			EQU	$BB
       = 0000BC         nB4			EQU	$BC
       = 0000BD         nC5			EQU	$BD
       = 0000BE         nCs5			EQU	$BE
       = 0000BF         nD5			EQU	$BF
       = 0000C0         nEb5			EQU	$C0
       = 0000C1         nE5			EQU	$C1
       = 0000C2         nF5			EQU	$C2
       = 0000C3         nFs5			EQU	$C3
       = 0000C4         nG5			EQU	$C4
       = 0000C5         nAb5			EQU	$C5
       = 0000C6         nA5			EQU	$C6
       = 0000C7         nBb5			EQU	$C7
       = 0000C8         nB5			EQU	$C8
       = 0000C9         nC6			EQU	$C9
       = 0000CA         nCs6			EQU	$CA
       = 0000CB         nD6			EQU	$CB
       = 0000CC         nEb6			EQU	$CC
       = 0000CD         nE6			EQU	$CD
       = 0000CE         nF6			EQU	$CE
       = 0000CF         nFs6			EQU	$CF
       = 0000D0         nG6			EQU	$D0
       = 0000D1         nAb6			EQU	$D1
       = 0000D2         nA6			EQU	$D2
       = 0000D3         nBb6			EQU	$D3
       = 0000D4         nB6			EQU	$D4
       = 0000D5         nC7			EQU	$D5
       = 0000D6         nCs7			EQU	$D6
       = 0000D7         nD7			EQU	$D7
       = 0000D8         nEb7			EQU	$D8
       = 0000D9         nE7			EQU	$D9
       = 0000DA         nF7			EQU	$DA
       = 0000DB         nFs7			EQU	$DB
       = 0000DC         nG7			EQU	$DC
       = 0000DD         nAb7			EQU	$DD
       = 0000DE         nA7			EQU	$DE
       = 0000DF         nBb7			EQU	$DF

                        ; Channel IDs for SFX
       = 000080         cPSG1				EQU $80
       = 0000A0         cPSG2				EQU $A0
       = 0000C0         cPSG3				EQU $C0
       = 0000E0         cNoise				EQU $E0	; Not for use in S3/S&K/S3D
       = 000002         cFM3				EQU $02
       = 000004         cFM4				EQU $04
       = 000005         cFM5				EQU $05
       = 000006         cFM6				EQU $06	; Only in S3/S&K/S3D, overrides DAC
       = 000018         cPWM1				EQU	$18
       = 00001A         cPWM2				EQU	$1A
       = 00001C         cPWM3				EQU	$1C
       = 00001E         cPWM4				EQU	$1E

                        ; DAC Equates (S1)
       = 000081         dKick			EQU	$81
       = 000082         dSnare			EQU	$82
       = 000083         dTimpani		EQU	$83
       = 000088         dHiTimpani		EQU	$88
       = 000089         dMidTimpani		EQU	$89
       = 00008A         dLowTimpani		EQU	$8A
       = 00008B         dVLowTimpani	EQU	$8B
       = 00008B         dFloorTimpani	EQU $8B

                        ; !@ PSGDelta (S1->KC has 12 semitone increase between PSG)
       = 00000C         PSGDelta	EQU	$0C

                        ; PWM Equates (KC)
       = 000081         pEKick		EQU	$81
       = 000082         pESnare		EQU	$82
       = 000083         pSplashCymb	EQU	$83
       = 000084         pRideBell	EQU $84
       = 000085         pTomHi		EQU	$85
       = 000086         pTomMid		EQU	$86
       = 000087         pTomLow		EQU	$87
       = 000088         pEHiHat		EQU	$88
       = 000089         pCrashCymb	EQU $89
       = 00008A         pClap		EQU $8A
       = 00008B         pAKick		EQU $8B
       = 00008C         pASnare		EQU	$8C
       = 00008D         pBell		EQU $8D
                        ;!@ Enum due to late PWM driver revision
       = 00008E         pFingSnap	EQU	$8E
       = 00008E         pFingSnapHi	EQU	$8E
       = 00008F         pCowbell	EQU	$8F
       = 000090         pClickHi	EQU	$90
       = 000091         pClickLo	EQU	$91
       = 000092         pBongoHi	EQU	$92
       = 000093         pBongoLo	EQU	$93
       = 000094         pTimpaniHi	EQU	$94
       = 000095         pTimpaniLo	EQU	$95
       = 000096         pSilence	EQU $96
                        ;!@ NEW DATA
       = 000097         pSega		EQU $97
       = 000098         pClosedHH	EQU $98
       = 000099         pOpenHH		EQU $99
       = 00009A         pTomLower		EQU	$9A
       = 00009B         pTomLowerer		EQU	$9B
       = 00009C         pTomLowerest	EQU	$9C
       = 00009D         pNepDada		EQU	$9D
       = 00009E         pFingSnapLo		EQU	$9E
       = 00009F         pOrchHitHi		EQU	$9F
       = 0000A0         pOrchHitMed		EQU	$A0
       = 0000A1         pOrchHitLo		EQU	$A1
       = 0000A2         pOrchHitLower	EQU	$A2

                        ;!@ Crackers conversion enums. Knuckles Clackers equiv
       = 000081         pCra_d81	EQU	pEKick
       = 00008C         pCra_d82	EQU	pASnare
       = 000085         pCra_d83	EQU	pTomHi
       = 000086         pCra_d84	EQU	pTomMid
       = 000087         pCra_d85	EQU	pTomLow

                        ;!@ Convert ptrs to z80Ptr
                        ; function to make a little-endian 16-bit pointer for the Z80 sound driver
                        ;z80_ptr function x,y,((((x)|(y))<<8)&$FF00)|((((x)|(y))>>8)&$7F)|$80
                        ;z80_ptr_neg function x,y,((((y)-(x))<<8)&$FF00)|((((y)-(x))>>8)&$7F)|$80

                        ;!@
                        ; macro to declare a little-endian 16-bit pointer for the Z80 sound driver
                        rom_ptr_z80 macro addr
                        	;dc.w z80_ptr(ptr,addr)
                        	dc.w  ((((addr)<<8)&$FF00)|(((addr)>>8)&$7F)|$80)
                            endm
                        	
                        ;Funciton to convert S1 tempo to S2 and then S3+
                        ;The conversion works for all values of main tempo other than 0 — this value cannot be converted exactly between the two drivers. The conversion of main tempos from Sonic 1 to Sonic 2 can be done (approximately) with the following formul
                        ;S2 main tempo = floor{ [ (S1 main tempo-1) * 256 + floor(S1 main tempo/2) ] / S1 main tempo }			
                        ;It is easy to convert between Sonic 2 and Sonic 3+ main tempo values:
                        ;S2 main tempo = (256 - S3 main tempo) mod 256
                        ;S3 main tempo = (256 - S2 main tempo) mod 256
                        tempo_conv macro tempo
                        		if tempo==0
                        			dc.b	((256 - (((256-1)*256 + (256/2)) / 256)) % 256)
                        		else
                        			dc.b	((256 - ((((tempo)-1)*256 + ((tempo)/2)) / (tempo))) % 256)
                        		endif
                        	endm
                        	
                        ;!@
                        ; macro to declare a little-endian 16-bit pointer for the Z80 sound driver
                        ;rom_ptr_z80_neg macro ptr,addr
                        	;dc.w z80_ptr_neg(ptr,addr)
                        	;dc.w	(((((addr)-(ptr))<<8)&$FF00)|((((addr)-(ptr))>>8)&$7F)|$80)
                            ;endm

                        ; Header Macros

                        ;!@
                        ; Header - Set up Voice Location
                        ;smpsHeaderVoice macro loc
                        smpsHeaderVoice macro loc,songstart
                        ;songStart set *
                        	;dc.w	loc-songStart
                        	rom_ptr_z80(loc+songstart)
                        	endm
                        ; Header - Set up Channel Usage	
                        smpsHeaderChan macro fm,psg
                        	if \0==2
                        		dc.b	fm,psg
                        	else
                        		dc.b	fm
                        	endif	
                        	endm	
                        	

                        	
                        smpsHeaderTempo macro div,mod
                        	dc.b	div,mod
                        	endm

                        ;!@
                        ; Header - Set up Tempo. Mod is converted from S1 to S3 tempo
                        smpsHeaderTempoC macro div,mod
                        TempDiv set div
                        	dc.b	div
                        	tempo_conv(mod)
000000                  	endm
                        	
                        ; Header - Set up DAC Channel
                        smpsHeaderDAC macro loc
                        	dc.w	loc-songStart
                        	dc.w	$00
                        	endm
                        	
                        ;!@
                        ; Header - Set up FM Channel	
                        ;smpsHeaderFM macro loc,pitch,vol
                        smpsHeaderFM macro loc,songstart,pitch,vol
                        	;dc.w	loc-songStart
                        	rom_ptr_z80(loc+songstart)
                        	dc.b	pitch,vol
                        	endm

                        ;!@	
                        ; Header - Set up PSG Channel
                        ;smpsHeaderPSG macro loc,pitch,vol,voice
                        smpsHeaderPSG macro loc,songstart,pitch,vol,null,voice
                        	;dc.w	loc-songStart
                        	rom_ptr_z80(loc+songstart)
                        	dc.b	pitch,vol
                        	;dc.w	voice
                        	dc.b	null,voice
                        	endm

                        ;!@
                        ; Header - Set up SFX Channel
                        ;sHeaderSFX	macro play,patch,loc,pitch,vol
                        smpsHeaderSFX	macro play,patch,loc,pitch,vol,songstart
                        	dc.b play,patch
                        	;dc.w loc-sPointZero
                        	rom_ptr_z80(loc+songstart)
                        	dc.b pitch,vol
                            endm

                        ; Co-ord Flag Macros and Equates
                        ; E0xx - Panning, AMS, FMS
                        smpsPan macro direction,amsfms
                        panNone set $00
                        panRight set $40
                        panLeft set $80
                        panCentre set $C0
                        panCenter set $C0 ; silly Americans :U
                        	;dc.b $E0,direction+amsfms
                        	;endm		
                        	if \0==2
                        		dc.b $E0,direction|amsfms
                        	else
                        		dc.b $E0,direction
                        	endif
000000                  	endm
                        	
                        ; E1xx - Alter note values by xx
                        smpsAlterNote macro val
                        	dc.b	$E1,val
                        	endm
                        	
                        ; E2xx - Unknown
                        smpsE2 macro val
                        	dc.b	$E2,val
                        	endm

                        ; E3 - Return (generally used after F8)
                        ; F9 - Return (generally used after F8)
                        smpsReturn macro val
                        	;!@
                        	;dc.b	$E3
                        	dc.b	$F9
                        	endm
                        	
                        ; E4 - Fade in previous song (ie. 1-Up)
                        smpsFade macro val
                        	dc.b	$E4
                        	endm

                        ;!@ Invalid for S3+!
                        ; E5xx - Set channel tempo divider to xx
                        smpsChanTempoDiv macro val
                        	;Error No S3 equivalent for CF!
                        	dc.b	$E5,val	
                        	endm
                        	
                        ; E6xx - Alter Volume by xx
                        smpsAlterVol macro val
                        	dc.b	$E6,val
                        	endm
                        	
                        ; E7 - Prevent attack of next note
       = 0000E7         smpsNoAttack	EQU $E7

                        ;!@ This may have problems, needs some convesion factor due to usage of mult by tempo div in S3+
                        ; E8xx - Set note fill to xx
                        smpsNoteFill macro val		
                        	dc.b	$E8,(val/TempDiv)
                        	endm
                        	
                        ;!@
                        ; E9xx - Add xx to channel pitch
                        ; FBxx - Add xx to channel pitch
                        smpsAlterPitch macro val
                        	;!@
                        	;dc.b	$E9,val
                        	dc.b	$FB,val
                        	endm
                        	
                        ;!@
                        ; EAxx - Set music tempo modifier to xx
                        ; FF00xx - Set music tempo to xx S3
                        smpsSetTempoMod macro val
                        	;dc.b	$EA,val
                        	dc.b	$FF,$00,val
                        	endm
                        	
                        ;!@
                        ; EAxx - Set music tempo modifier to xx
                        ; FF00xx - Set music tempo to xx S3 (TEMPO - TEMPO_SET)
                        smpsSetTempoModC macro val
                        	;dc.b	$EA,val
                        	dc.b $FF,$00
                        	tempo_conv(val)
                        	endm
                        	
                        ;!@
                        ; EBxx - Set music tempo divider to xx
                        ; FF04xx - Set global tick multiplier to xx (TICK_MULT - TMULT_ALL)
                        smpsSetTempoDiv macro val
                        	;dc.b	$EB,val
                        TempDiv set val
                        	dc.b $FF,$04,val
000000                  	endm

                        ;!@	
                        ; ECxx - Add xx to PSG channel volume (VOLUME - VOL_NN_PSG)
                        ;
                        ; May need interpolation/conversion factor:
                        ; Change volume attenuation of PSG track.
                        ;The single parameter byte is added to track's current volume attenuation;
                        ;anything greater than $0F (unsigned comparison) is set to $0F (silence). Also, the flutter index is reduced by 1.
                        smpsSetVol macro val
                        	dc.b	$EC,val
                        	endm
                        	
                        ; ED - Unknown
       = 0000ED         smpsED		EQU $ED
                        	
                        ;!@ S3K= send cmd to YM2612 port; unused in S1
                        ; EE - Stops special SFX ($D0-$D4, S1 only) and restarts overridden music track
       = 0000EE         smpsEE 		EQU $EE
                        	
                        ;!@
                        ; EFxx - Set Voice of FM channel to xx
                        ; EFxx[yy] - Set patch id of FM channel to xx. If xx bit7 set, read from another song instead
                        ; (INSTRUMENT - INS_C_FMP)
                        ;smpsFMvoice macro voice
                        	;dc.b	$EF,voice
                        smpsFMvoice macro pat, song		
                        	;if song<>""
                        	if \0==2
                        		dc.b $EF,pat|$80,song+$81
                        	else
                        		dc.b $EF,pat
                        	endif
                            endm

                        ; F0wwxxyyzz - Modulation - ww: wait time - xx: modulation speed - yy: change per step - zz: number of steps
                        smpsModSet macro wait,speed,change,step
                        	dc.b	$F0,wait,speed,change,step
                        	endm
                        	
                        smpsModSet2	macro bytes
                        	smpsModSet	((bytes&$FF000000)>>24),((bytes&$00FF0000)>>16),((bytes&$0000FF00)>>8),(bytes&$000000FF)
                        	endm
                        	
                        ; F0wwxxyyzz - Modulation - ww: wait time - xx: modulation speed - yy: change per step - zz: number of steps
                        ;!@
                        smpsModSetC macro wait,speed,change,step
                        	dc.b	$F0
                        	;if (SonicDriverVer>=3)&&(SourceDriver<3)
                        		dc.b	wait+1,speed,change,(step*speed+1)&$FF
                        	;elseif (SonicDriverVer<3)&&(SourceDriver>=3)
                        		;dc.b	wait-1,speed,change,(((step==0)<<8)|step)/(((step==0)<<8)|step)-1		
                        	;else
                        		;dc.b	wait,speed,change,step
                        	;endif
                        	;dc.b	speed,change,step
                        	endm

                        ;!@	
                        smpsModSetC2 macro bytes
                        	smpsModSetC	((bytes&$FF000000)>>24),((bytes&$00FF0000)>>16),((bytes&$0000FF00)>>8),(bytes&$000000FF)
                        	endm
                        	

                        ;!@ Used very differently in S3; don't use
                        ; F1 - Turn on Modulation
       = 0000F1         smpsModOn 	EQU $F1
                        ; F4 - Turn off Modulation
       = 0000F4         smpsModOff 	EQU $F4

                        ; F2 - End of channel
                        smpsStop macro
                        	dc.b	$F2
                        	endm
                        	
                        ;!@
                        ; F3xx - PSG waveform to xx
                        ; S3+ only: If parameter byte is zero, the channel is converted
                        ; back into a normal PSG channel and the noise channel is silenced.
                        ; Otherwise, sets the PSG track to noise and sets PSG noise to parameter byte, which should be from $E0 to $E7 (inclusive).
                        smpsPSGform macro form
                        	dc.b	$F3,form
                        	endm
                        	
                        ; F5xx - PSG voice to xx
                        smpsPSGvoice macro voice
                        	dc.b	$F5,voice
                        	endm
                        	
                        ;BAD Cmpr
                        ;if (loc<*)
                        	;rom_ptr_z80_neg(*-loc,songstart)
                        ;else
                        	;rom_ptr_z80(loc-*-1,songstart)
                        ;endif

                        ;!@
                        ; F6xxxx - Jump to xxxx
                        ;smpsJump macro loc
                        smpsJump macro loc,songstart
                        	dc.b	$F6
                        	if (loc<*)
                        		rom_ptr_z80(loc+songstart)
                        	else
                        		rom_ptr_z80(loc+songstart)
                        	endif
                        	;dc.w	loc-*-1
                        	endm

                        ;!@
                        ; F7xxyyzzzz - Loop back to zzzz yy times, xx being the loop index for loop recursion fixing
                        ;smpsLoop macro index,loops,loc
                        smpsLoop macro index,loops,loc,songstart
                        	dc.b	$F7
                        	dc.b	index,loops
                        	if (loc<*)
                        		rom_ptr_z80(loc+songstart)
                        	else
                        		rom_ptr_z80(loc+songstart)
                        	endif
                        	;dc.w	loc-*-1
                        	endm

                        ;!@
                        ; F8xxxx - Call pattern at xxxx, saving return point
                        ;smpsCall macro loc
                        smpsCall macro loc,songstart
                        	dc.b	$F8
                        	if (loc<*)
                        		rom_ptr_z80(loc+songstart)
                        	else
                        		rom_ptr_z80(loc+songstart)
                        	endif
                        	;dc.w	loc-*-1
                        	endm
                        	
                        ; F9 - Unknown
       = 0000F9         smpsF9		EQU $F9

                        ; Voices - Feedback
                        smpsVcFeedback macro val
                        vcFeedback set val
000000                  	endm

                        ; Voices - Algorithm
                        smpsVcAlgorithm macro val
                        vcAlgorithm set val
000000                  	endm

                        ; Voices - Detune
                        smpsVcDetune macro op1,op2,op3,op4
                        vcDT1 set op1
                        vcDT2 set op2
                        vcDT3 set op3
                        vcDT4 set op4
000000                  	endm

                        ; Voices - Coarse-Frequency
                        smpsVcCoarseFreq macro op1,op2,op3,op4
                        vcCF1 set op1
                        vcCF2 set op2
                        vcCF3 set op3
                        vcCF4 set op4
000000                  	endm

                        ; Voices - Rate Scale
                        smpsVcRateScale macro op1,op2,op3,op4
                        vcRS1 set op1
                        vcRS2 set op2
                        vcRS3 set op3
                        vcRS4 set op4
000000                  	endm

                        ; Voices - Attack Rate
                        smpsVcAttackRate macro op1,op2,op3,op4
                        vcAR1 set op1
                        vcAR2 set op2
                        vcAR3 set op3
                        vcAR4 set op4
000000                  	endm

                        ; Voices - Amplitude Modulation
                        smpsVcAmpMod macro op1,op2,op3,op4
                        vcAM1 set op1
                        vcAM2 set op2
                        vcAM3 set op3
                        vcAM4 set op4
000000                  	endm

                        ; Voices - First Decay Rate
                        smpsVcDecayRate1 macro op1,op2,op3,op4
                        vcD1R1 set op1
                        vcD1R2 set op2
                        vcD1R3 set op3
                        vcD1R4 set op4
000000                  	endm

                        ; Voices - Second Decay Rate
                        smpsVcDecayRate2 macro op1,op2,op3,op4
                        vcD2R1 set op1
                        vcD2R2 set op2
                        vcD2R3 set op3
                        vcD2R4 set op4
000000                  	endm

                        ; Voices - Decay Level	
                        smpsVcDecayLevel macro op1,op2,op3,op4
                        vcDL1 set op1
                        vcDL2 set op2
                        vcDL3 set op3
                        vcDL4 set op4
000000                  	endm

                        ; Voices - Release Rate
                        smpsVcReleaseRate macro op1,op2,op3,op4
                        vcRR1 set op1
                        vcRR2 set op2
                        vcRR3 set op3
                        vcRR4 set op4
000000                  	endm

                        ; Voices - Total Level
                        smpsVcTotalLevel macro op1,op2,op3,op4
                        vcTL1 set op1
                        vcTL2 set op2
                        vcTL3 set op3
                        vcTL4 set op4
                        	dc.b	(vcFeedback<<3)+vcAlgorithm
                        	dc.b	(vcDT4<<4)+vcCF4,(vcDT3<<4)+vcCF3,(vcDT2<<4)+vcCF2,(vcDT1<<4)+vcCF1
                        	dc.b	(vcRS4<<6)+vcAR4,(vcRS3<<6)+vcAR3,(vcRS2<<6)+vcAR2,(vcRS1<<6)+vcAR1
                        	dc.b	(vcAM4<<5)+vcD1R4,(vcAM3<<5)+vcD1R3,(vcAM2<<5)+vcD1R2,(vcAM1<<5)+vcD1R1
                        	dc.b	vcD2R4,vcD2R3,vcD2R2,vcD2R1
                        	dc.b	(vcDL4<<4)+vcRR4,(vcDL3<<4)+vcRR3,(vcDL2<<4)+vcRR2,(vcDL1<<4)+vcRR1
                        	dc.b	vcTL4,vcTL3,vcTL2,vcTL1	
000000                  	endm	
                        	
                        ;==============================================
                        ;!@ The following CF flags/macros are KC-drive specific!
                        ;Rest here mostly used  to compile KC/Nat ASM files for BC purposes...

                        ;!@
                        ; Header - Set up a secondary PWM Channel
                        ;smpsHeaderPWM macro loc
                        smpsHeaderPWM macro loc, songstart,pitch,volL,volR
                        	;dc.w	loc-songStart
                        	rom_ptr_z80(loc+songstart)	
                        	;!@
                        	dc.b	pitch
                        	if \0==4
                        		dc.b	volL
                        	else
                        		dc.b	(volL<<4)+volR
                        	endif	
                        	endm
                        	
                        ;!@ Unused and unneeded; leftover Sonic 32x header stuff
                        ; Header - Set up first PWM Channel
                        ;smpsHeaderPWM1 macro loc,num
                        	;dc.w	loc-songStart
                        	;dc.b	num,0
                        	;endm

                        ;!@
                        ; Header - Set up Tick Multiplier (for Sfx)
                        ;sHeaderSFX
                        smpsHeaderTick	macro tmul
                        	dc.b tmul
                            endm

                        ;!@ KC Exclusives!
                        ;# PAN_ANIM
                        ;# pan animation has 2 modes; if first arg is 0, it will end it. Otherwise, more args will be used
                        ;!0xE4, 0 > sPanAni:;								
                        ;!0xE4, 1-0xFF > sPanAni: .lb, .db, .db, .db, .db;	
                        KC_smpsPanAni macro val1,val2,val3,val4,val5
                        	if val1==0
                        		dc.b	$E4,$00
                        	else
                        		dc.b	$E4,val1,val2,val3,val4,val5
                        	endif
                        	endm


                        ; Alter Volume
                        ;!0xE5 > saVolFMP: .db, .db;								
                        KC_smpsFMAlterVol macro val1,val2
                        	dc.b	$E5,val1,val2
                        	endm

                        ;!@ KC Exclusive!	
                        ;!0xE9 > ssLFO: .db, .db;									
                        KC_smpsSetLFO macro enable,amsfms
                        	dc.b	$E9,enable,amsfms
                        	endm

                        ;!0xEA > sPlayDAC: .db | 0x80;								
                        KC_smpsPlayDACSample macro sample
                        	dc.b	$EA,(sample&$7F)
                        	endm

                        ;!@ Songstart param added
                        ;!0xEB > sLoopExit: .db, .dw {						
                        ;smpsConditionalJump macro index,loc
                        KC_smpsConditionalJump macro index,loc,songstart
                        	dc.b	$EB
                        	dc.b	index
                        	;dc.w	z80_ptr(loc)
                        	rom_ptr_z80(loc+songstart)
                        	endm

                        ;!@ Usage/naming is speculative. Called ssTransposeS3K in S3k/Nat driver...	
                        ;!0xED > sYMcmd: .db, .db;							
                        ; Set note values to xx-$40
                        KC_smpsSetNote macro val
                        	dc.b	$ED,val
                        	endm

                        ;!0xEE > sYM1cmd: .db, .db;							
                        KC_smpsFMICommand macro reg,val
                        	dc.b	$EE,reg,val
                        	endm

                        ;!0xF1 > sModEnv: .db, .db {							
                        ; Set Modulation
                        KC_smpsModChange2 macro fmmod,psgmod
                        	dc.b	$F1,fmmod,psgmod
                        	endm
                        	
                        ;!0xF4 > sModEnv: .db {
                        ; Set Modulation
                        KC_smpsModChange macro val
                        	dc.b	$F4,val
                        	endm

                        ;!@ KC exclusive!
                        ;!0xFC > sPitchSlide: .db;						
                        KC_smpsPitchSlide macro enable
                        	dc.b	$FC,enable
                        	endm
                        	
                        ;!0xFD > sRawFreq: .db;							
                        KC_smpsAlternateSMPS macro flag
                        	dc.b	$FD,flag
                        	endm

                        ;!0xFE > sSpecFM3: .db, .db, .db, .db {			
                        	;%; Broken?
                        ;}
                        KC_smpsFM3SpecialMode macro ind1,ind2,ind3,ind4
                        	dc.b	$FE,ind1,ind2,ind3,ind4
                        	Error Broken?
                        	endm

                        ;!0xFF, 1 > sPlaySound: .db;						
                        KC_smpsPlaySound macro index
                        	dc.b	$FF,$01,index
                        	endm

                        ;!0xFF, 2 > sMusPause: .db;						
                        KC_smpsHaltMusic macro flag
                        	dc.b	$FF,$02,flag
                        	endm

                        ;!@ Modified with SongStart	param
                        ;!0xFF, 3 > sCopyMem: .dw, .db {					
                        	;%; No song should ever use this command. It may good idea to remove it.
                        ;}
                        ;KC_smpsCopyData macro data,len
                        KC_smpsCopyData macro data,len,songstart
                        	Error Coord. Flag to copy data should not be used. Complain to GenesisDoes if any music uses it.
                        	;Error No song should ever use this command. It may be a good idea to remove it.
                        	dc.b	$FF,$03
                        	;dc.w	little_endian(data)
                        	rom_ptr_z80(data+songstart)
                        	dc.b	len
                        	endm

                        ;!0xFF, 5 > sSSGEG: .db, .db, .db, .db {			
                        	;=op2 .a2
                        	;:=2 .a1
                        	;:=1 \op2\
                        ;}
                        KC_smpsSSGEG macro op1,op2,op3,op4
                        	dc.b	$FF,$05,op1,op3,op2,op4
                        	endm
                        	
                        	
                        ;!0xFF, 6 > sVolEnvFM: .db, .db {
                        	;:?0 {
                        		;?volenv;
                        	;}
                        ;}	
                        KC_smpsFMVolEnv macro tone,mask
                        	dc.b	$FF,$06,tone,mask
                        	endm
                        ;==============================================

000000                  	include "KC.asm"
       = 040000         Target	EQU	$40000

       = 000000         FMPitch1	EQU	$00
       = 00000C         FMPitch2	EQU	$0C
       = 0000F4         FMPitch3	EQU	$F4
       = 000006         FMVol1		EQU	$06
       = 000010         FMVol2		EQU	$10
       = 000014         FMVol3		EQU	$14
       = 00000E         FMVol4		EQU	$0E

       = 0000F4         PSGPitch1	EQU	$F4
       = 000000         PSGPitch2	EQU	$00
       = 000006         PSGVol1		EQU	$06
       = 000008         PSGVol2		EQU	$08
       = 000000         PSGNull		EQU	$00
                        ;!@
                        ;PSGVoi1		EQU	$00
                        ;PSGVoi2		EQU	$2F
       = 000000         PSGVoi1		EQU	$00
       = 000008         PSGVoi2		EQU	$08

       = 000000         PWMPitch	EQU	$00
       = 0000EE         PWMVol		EQU	$EE
000000                  	smpsHeaderVoice	HPZ_Patches, Target
                        ;songStart set *
                        	;dc.w	loc-songStart
000000                  	rom_ptr_z80(HPZ_Patches+Target)
                        	;dc.w z80_ptr(ptr,addr)
000000 0C82             	dc.w  (((((HPZ_Patches+Target))<<8)&$FF00)|((((HPZ_Patches+Target))>>8)&$7F)|$80)
000002                  	smpsHeaderChan	$06, $03
                        	if 2==2
000002 0603             		dc.b	$06,$03
                        	else
                        	endif	
000004                  	smpsHeaderTempo	$02, $20	
000004 0220             	dc.b	$02,$20
000006                  	smpsHeaderFM	HPZ_FM1, Target, FMPitch1, FMVol1
                        	;dc.w	loc-songStart
000006                  	rom_ptr_z80(HPZ_FM1+Target)
                        	;dc.w z80_ptr(ptr,addr)
000006 7080             	dc.w  (((((HPZ_FM1+Target))<<8)&$FF00)|((((HPZ_FM1+Target))>>8)&$7F)|$80)
000008 0006             	dc.b	FMPitch1,FMVol1
00000A                  	smpsHeaderFM	HPZ_FM2, Target, FMPitch2, FMVol2
                        	;dc.w	loc-songStart
00000A                  	rom_ptr_z80(HPZ_FM2+Target)
                        	;dc.w z80_ptr(ptr,addr)
00000A C380             	dc.w  (((((HPZ_FM2+Target))<<8)&$FF00)|((((HPZ_FM2+Target))>>8)&$7F)|$80)
00000C 0C10             	dc.b	FMPitch2,FMVol2
00000E                  	smpsHeaderFM	HPZ_FM3, Target, FMPitch1, FMVol3
                        	;dc.w	loc-songStart
00000E                  	rom_ptr_z80(HPZ_FM3+Target)
                        	;dc.w z80_ptr(ptr,addr)
00000E 4381             	dc.w  (((((HPZ_FM3+Target))<<8)&$FF00)|((((HPZ_FM3+Target))>>8)&$7F)|$80)
000010 0014             	dc.b	FMPitch1,FMVol3
000012                  	smpsHeaderFM	HPZ_FM4, Target, FMPitch1, FMVol4
                        	;dc.w	loc-songStart
000012                  	rom_ptr_z80(HPZ_FM4+Target)
                        	;dc.w z80_ptr(ptr,addr)
000012 4E80             	dc.w  (((((HPZ_FM4+Target))<<8)&$FF00)|((((HPZ_FM4+Target))>>8)&$7F)|$80)
000014 000E             	dc.b	FMPitch1,FMVol4
000016                  	smpsHeaderFM	HPZ_FM5, Target, FMPitch3, FMVol3
                        	;dc.w	loc-songStart
000016                  	rom_ptr_z80(HPZ_FM5+Target)
                        	;dc.w z80_ptr(ptr,addr)
000016 4080             	dc.w  (((((HPZ_FM5+Target))<<8)&$FF00)|((((HPZ_FM5+Target))>>8)&$7F)|$80)
000018 F414             	dc.b	FMPitch3,FMVol3
00001A                  	smpsHeaderFM	HPZ_NOP, Target, FMPitch1, FMVol1
                        	;dc.w	loc-songStart
00001A                  	rom_ptr_z80(HPZ_NOP+Target)
                        	;dc.w z80_ptr(ptr,addr)
00001A 0B82             	dc.w  (((((HPZ_NOP+Target))<<8)&$FF00)|((((HPZ_NOP+Target))>>8)&$7F)|$80)
00001C 0006             	dc.b	FMPitch1,FMVol1
00001E                  	smpsHeaderPSG	HPZ_PSG1, Target, PSGPitch1, PSGVol1, PSGNull, PSGVoi1
                        	;dc.w	loc-songStart
00001E                  	rom_ptr_z80(HPZ_PSG1+Target)
                        	;dc.w z80_ptr(ptr,addr)
00001E 5C80             	dc.w  (((((HPZ_PSG1+Target))<<8)&$FF00)|((((HPZ_PSG1+Target))>>8)&$7F)|$80)
000020 F406             	dc.b	PSGPitch1,PSGVol1
                        	;dc.w	voice
000022 0000             	dc.b	PSGNull,PSGVoi1
000024                  	smpsHeaderPSG	HPZ_PSG2, Target, PSGPitch1, PSGVol2, PSGNull, PSGVoi2
                        	;dc.w	loc-songStart
000024                  	rom_ptr_z80(HPZ_PSG2+Target)
                        	;dc.w z80_ptr(ptr,addr)
000024 6480             	dc.w  (((((HPZ_PSG2+Target))<<8)&$FF00)|((((HPZ_PSG2+Target))>>8)&$7F)|$80)
000026 F408             	dc.b	PSGPitch1,PSGVol2
                        	;dc.w	voice
000028 0008             	dc.b	PSGNull,PSGVoi2
00002A                  	smpsHeaderPSG	HPZ_PSG3, Target, PSGPitch2, PSGVol2, PSGNull, PSGVoi2
                        	;dc.w	loc-songStart
00002A                  	rom_ptr_z80(HPZ_PSG3+Target)
                        	;dc.w z80_ptr(ptr,addr)
00002A 9181             	dc.w  (((((HPZ_PSG3+Target))<<8)&$FF00)|((((HPZ_PSG3+Target))>>8)&$7F)|$80)
00002C 0008             	dc.b	PSGPitch2,PSGVol2
                        	;dc.w	voice
00002E 0008             	dc.b	PSGNull,PSGVoi2
000030                  	smpsHeaderPWM 	HPZ_PWM1, Target, PWMPitch, PWMVol
                        	;dc.w	loc-songStart
000030                  	rom_ptr_z80(HPZ_PWM1+Target)	
                        	;dc.w z80_ptr(ptr,addr)
000030 D281             	dc.w  (((((HPZ_PWM1+Target))<<8)&$FF00)|((((HPZ_PWM1+Target))>>8)&$7F)|$80)
                        	;!@
000032 00               	dc.b	PWMPitch
                        	if 4==4
000033 EE               		dc.b	PWMVol
                        	else
                        	endif	
000034                  	smpsHeaderPWM 	HPZ_NOP, Target, PWMPitch, PWMVol
                        	;dc.w	loc-songStart
000034                  	rom_ptr_z80(HPZ_NOP+Target)	
                        	;dc.w z80_ptr(ptr,addr)
000034 0B82             	dc.w  (((((HPZ_NOP+Target))<<8)&$FF00)|((((HPZ_NOP+Target))>>8)&$7F)|$80)
                        	;!@
000036 00               	dc.b	PWMPitch
                        	if 4==4
000037 EE               		dc.b	PWMVol
                        	else
                        	endif	
000038                  	smpsHeaderPWM 	HPZ_NOP, Target, PWMPitch, PWMVol
                        	;dc.w	loc-songStart
000038                  	rom_ptr_z80(HPZ_NOP+Target)	
                        	;dc.w z80_ptr(ptr,addr)
000038 0B82             	dc.w  (((((HPZ_NOP+Target))<<8)&$FF00)|((((HPZ_NOP+Target))>>8)&$7F)|$80)
                        	;!@
00003A 00               	dc.b	PWMPitch
                        	if 4==4
00003B EE               		dc.b	PWMVol
                        	else
                        	endif	
00003C                  	smpsHeaderPWM 	HPZ_NOP, Target, PWMPitch, PWMVol
                        	;dc.w	loc-songStart
00003C                  	rom_ptr_z80(HPZ_NOP+Target)	
                        	;dc.w z80_ptr(ptr,addr)
00003C 0B82             	dc.w  (((((HPZ_NOP+Target))<<8)&$FF00)|((((HPZ_NOP+Target))>>8)&$7F)|$80)
                        	;!@
00003E 00               	dc.b	PWMPitch
                        	if 4==4
00003F EE               		dc.b	PWMVol
                        	else
                        	endif	

000040                  HPZ_FM5:
000040                  	smpsPan		panRight
       = 000000         panNone set $00
       = 000040         panRight set $40
       = 000080         panLeft set $80
       = 0000C0         panCentre set $C0
       = 0000C0         panCenter set $C0 ; silly Americans :U
                        	;dc.b $E0,direction+amsfms
                        	;endm		
                        	if 1==2
                        	else
000040 E040             		dc.b $E0,panRight
                        	endif
000042                  	smpsModSet	$19, $01, $FE, $05
000042 F01901FE05       	dc.b	$F0,$19,$01,$FE,$05
000047                  	smpsFMvoice		$03
                        	;if song<>""
                        	if 1==2
                        	else
000047 EF03             		dc.b $EF,$03
                        	endif
000049                  	smpsAlterNote	$02
000049 E102             	dc.b	$E1,$02
00004B                  	smpsJump		HPZ_Loop3, Target
00004B F6               	dc.b	$F6
                        	if (HPZ_Loop3<*)
                        	else
00004C                  		rom_ptr_z80(HPZ_Loop3+Target)
                        	;dc.w z80_ptr(ptr,addr)
00004C 4E81             	dc.w  (((((HPZ_Loop3+Target))<<8)&$FF00)|((((HPZ_Loop3+Target))>>8)&$7F)|$80)
                        	endif
                        	;dc.w	loc-*-1

00004E                  HPZ_FM4:
00004E                  	smpsModSet	$0D, $01, $FD, $06
00004E F00D01FD06       	dc.b	$F0,$0D,$01,$FD,$06
000053                  	smpsFMvoice		$00
                        	;if song<>""
                        	if 1==2
                        	else
000053 EF00             		dc.b $EF,$00
                        	endif
000055                  	smpsAlterNote	$02
000055 E102             	dc.b	$E1,$02
000057 8006             	dc.b nRst, $06
000059                  	smpsJump		HPZ_Jump3, Target
000059 F6               	dc.b	$F6
                        	if (HPZ_Jump3<*)
                        	else
00005A                  		rom_ptr_z80(HPZ_Jump3+Target)
                        	;dc.w z80_ptr(ptr,addr)
00005A 7780             	dc.w  (((((HPZ_Jump3+Target))<<8)&$FF00)|((((HPZ_Jump3+Target))>>8)&$7F)|$80)
                        	endif
                        	;dc.w	loc-*-1

00005C                  HPZ_PSG1:
00005C                  	smpsModSet	$0D, $01, $01, $05
00005C F00D010105       	dc.b	$F0,$0D,$01,$01,$05
000061                  	smpsJump		HPZ_Jump3, Target
000061 F6               	dc.b	$F6
                        	if (HPZ_Jump3<*)
                        	else
000062                  		rom_ptr_z80(HPZ_Jump3+Target)
                        	;dc.w z80_ptr(ptr,addr)
000062 7780             	dc.w  (((((HPZ_Jump3+Target))<<8)&$FF00)|((((HPZ_Jump3+Target))>>8)&$7F)|$80)
                        	endif
                        	;dc.w	loc-*-1

000064                  HPZ_PSG2:
000064                  	smpsModSet	$0D, $01, $FF, $05
000064 F00D01FF05       	dc.b	$F0,$0D,$01,$FF,$05
000069                  	smpsAlterNote	$FF
000069 E1FF             	dc.b	$E1,$FF
00006B 8006             	dc.b nRst, $06
00006D                  	smpsJump		HPZ_Jump3, Target
00006D F6               	dc.b	$F6
                        	if (HPZ_Jump3<*)
                        	else
00006E                  		rom_ptr_z80(HPZ_Jump3+Target)
                        	;dc.w z80_ptr(ptr,addr)
00006E 7780             	dc.w  (((((HPZ_Jump3+Target))<<8)&$FF00)|((((HPZ_Jump3+Target))>>8)&$7F)|$80)
                        	endif
                        	;dc.w	loc-*-1

000070                  HPZ_FM1:
000070                  	smpsModSet	$0D, $01, $03, $06
000070 F00D010306       	dc.b	$F0,$0D,$01,$03,$06
000075                  	smpsFMvoice		$00
                        	;if song<>""
                        	if 1==2
                        	else
000075 EF00             		dc.b $EF,$00
                        	endif

000077                  HPZ_Jump3:
000077 8018             	dc.b nRst, $18

000079                  HPZ_Loop1:
000079 B606B8BA18B80CBA 	dc.b nF4, $06, nG4, nA4, $18, nG4, $0C, nA4
000081 18BD0CBCBAB8BA18 	dc.b $18, nC5, $0C, nB4, nA4, nG4, nA4, $18
000089 B606B8BA18B80CBA 	dc.b nF4, $06, nG4, nA4, $18, nG4, $0C, nA4
000091 18BD0CBFBCB8BA18 	dc.b $18, nC5, $0C, nD5, nB4, nG4, nA4, $18
000099 B60CB818B60CB818 	dc.b nF4, $0C, nG4, $18, nF4, $0C, nG4, $18
0000A1 BD0CBA24B818B60C 	dc.b nC5, $0C, nA4, $24, nG4, $18, nF4, $0C
0000A9 BA24BCBDBC18     	dc.b nA4, $24, nB4, nC5, nB4, $18
0000AF                  	smpsLoop		$01, $02, HPZ_Loop1, Target
0000AF F7               	dc.b	$F7
0000B0 0102             	dc.b	$01,$02
                        	if (HPZ_Loop1<*)
0000B2                  		rom_ptr_z80(HPZ_Loop1+Target)
                        	;dc.w z80_ptr(ptr,addr)
0000B2 7980             	dc.w  (((((HPZ_Loop1+Target))<<8)&$FF00)|((((HPZ_Loop1+Target))>>8)&$7F)|$80)
                        	else
                        	endif
                        	;dc.w	loc-*-1
0000B4 E7BC0CC2240CC4C2 	dc.b smpsNoAttack, nB4, $0C, nF5, $24, $0C, nG5, nF5
0000BC C124BE18         	dc.b nE5, $24, nCs5, $18
0000C0                  	smpsJump		HPZ_Loop1, Target
0000C0 F6               	dc.b	$F6
                        	if (HPZ_Loop1<*)
0000C1                  		rom_ptr_z80(HPZ_Loop1+Target)
                        	;dc.w z80_ptr(ptr,addr)
0000C1 7980             	dc.w  (((((HPZ_Loop1+Target))<<8)&$FF00)|((((HPZ_Loop1+Target))>>8)&$7F)|$80)
                        	else
                        	endif
                        	;dc.w	loc-*-1

0000C3                  HPZ_FM2:
0000C3                  	smpsFMvoice		$01
                        	;if song<>""
                        	if 1==2
                        	else
0000C3 EF01             		dc.b $EF,$01
                        	endif

0000C5                  HPZ_Loop2:
0000C5 8018960C9B068012 	dc.b nRst, $18, nA1, $0C, nD2, $06, nRst, $12
0000CD 960C             	dc.b nA1, $0C

0000CF                  HPZ_Jump1:
0000CF 9B068012960C9406 	dc.b nD2, $06, nRst, $12, nA1, $0C, nG1, $06
0000D7 8012940C9B068012 	dc.b nRst, $12, nG1, $0C, nD2, $06, nRst, $12
0000DF 960C9B068012960C 	dc.b nA1, $0C, nD2, $06, nRst, $12, nA1, $0C
0000E7 9B068012960C9406 	dc.b nD2, $06, nRst, $12, nA1, $0C, nG1, $06
0000EF 8012940C9B068012 	dc.b nRst, $12, nG1, $0C, nD2, $06, nRst, $12
0000F7 9B0C940680129B0C 	dc.b nD2, $0C, nG1, $06, nRst, $12, nD2, $0C
0000FF 94068012940C9206 	dc.b nG1, $06, nRst, $12, nG1, $0C, nF1, $06
000107 8012990C92068012 	dc.b nRst, $12, nC2, $0C, nF1, $06, nRst, $12
00010F 990C9B068012960C 	dc.b nC2, $0C, nD2, $06, nRst, $12, nA1, $0C
000117 9B068012960C9B06 	dc.b nD2, $06, nRst, $12, nA1, $0C, nD2, $06
00011F 8012960C         	dc.b nRst, $12, nA1, $0C
000123                  	smpsLoop		$00, $02, HPZ_Loop2, Target
000123 F7               	dc.b	$F7
000124 0002             	dc.b	$00,$02
                        	if (HPZ_Loop2<*)
000126                  		rom_ptr_z80(HPZ_Loop2+Target)
                        	;dc.w z80_ptr(ptr,addr)
000126 C580             	dc.w  (((((HPZ_Loop2+Target))<<8)&$FF00)|((((HPZ_Loop2+Target))>>8)&$7F)|$80)
                        	else
                        	endif
                        	;dc.w	loc-*-1
000128 9B068012960C9718 	dc.b nD2, $06, nRst, $12, nA1, $0C, nBb1, $18
000130 0C180C99180C9A18 	dc.b $0C, $18, $0C, nC2, $18, $0C, nCs2, $18
000138 960C9B068012960C 	dc.b nA1, $0C, nD2, $06, nRst, $12, nA1, $0C
000140                  	smpsJump		HPZ_Jump1, Target
000140 F6               	dc.b	$F6
                        	if (HPZ_Jump1<*)
000141                  		rom_ptr_z80(HPZ_Jump1+Target)
                        	;dc.w z80_ptr(ptr,addr)
000141 CF80             	dc.w  (((((HPZ_Jump1+Target))<<8)&$FF00)|((((HPZ_Jump1+Target))>>8)&$7F)|$80)
                        	else
                        	endif
                        	;dc.w	loc-*-1

000143                  HPZ_FM3:
000143                  	smpsPan		panLeft
       = 000000         panNone set $00
       = 000040         panRight set $40
       = 000080         panLeft set $80
       = 0000C0         panCentre set $C0
       = 0000C0         panCenter set $C0 ; silly Americans :U
                        	;dc.b $E0,direction+amsfms
                        	;endm		
                        	if 1==2
                        	else
000143 E080             		dc.b $E0,panLeft
                        	endif
000145                  	smpsAlterPitch	$F4
                        	;!@
                        	;dc.b	$E9,val
000145 FBF4             	dc.b	$FB,$F4
000147                  	smpsModSet	$19, $01, $02, $05
000147 F019010205       	dc.b	$F0,$19,$01,$02,$05
00014C                  	smpsFMvoice		$02
                        	;if song<>""
                        	if 1==2
                        	else
00014C EF02             		dc.b $EF,$02
                        	endif

00014E                  HPZ_Loop3:
00014E B30CBAB6         	dc.b nD4, $0C, nA4, nF4

000152                  HPZ_Jump2:
000152 BD24E7BDBCC118BA 	dc.b nC5, $24, smpsNoAttack, nC5, nB4, nE5, $18, nA4
00015A 0CBD24E7BDBCBF80 	dc.b $0C, nC5, $24, smpsNoAttack, nC5, nB4, nD5, nRst
000162 0CB8BABC18BA0C80 	dc.b $0C, nG4, nA4, nB4, $18, nA4, $0C, nRst
00016A BABCBDBCBDBF24E7 	dc.b nA4, nB4, nC5, nB4, nC5, nD5, $24, smpsNoAttack
000172 18C10CBF24       	dc.b $18, nE5, $0C, nD5, $24
000177                  	smpsLoop		$00, $02, HPZ_Loop3, Target
000177 F7               	dc.b	$F7
000178 0002             	dc.b	$00,$02
                        	if (HPZ_Loop3<*)
00017A                  		rom_ptr_z80(HPZ_Loop3+Target)
                        	;dc.w z80_ptr(ptr,addr)
00017A 4E81             	dc.w  (((((HPZ_Loop3+Target))<<8)&$FF00)|((((HPZ_Loop3+Target))>>8)&$7F)|$80)
                        	else
                        	endif
                        	;dc.w	loc-*-1
00017C                  	smpsAlterPitch	$0C
                        	;!@
                        	;dc.b	$E9,val
00017C FB0C             	dc.b	$FB,$0C
00017E E7B324B3AF0CB3BA 	dc.b smpsNoAttack, nD4, $24, nD4, nBb3, $0C, nD4, nA4
000186 B824             	dc.b nG4, $24
000188                  	smpsAlterPitch	$F4
                        	;!@
                        	;dc.b	$E9,val
000188 FBF4             	dc.b	$FB,$F4
00018A B50CBAB6         	dc.b nE4, $0C, nA4, nF4
00018E                  	smpsJump		HPZ_Jump2, Target
00018E F6               	dc.b	$F6
                        	if (HPZ_Jump2<*)
00018F                  		rom_ptr_z80(HPZ_Jump2+Target)
                        	;dc.w z80_ptr(ptr,addr)
00018F 5281             	dc.w  (((((HPZ_Jump2+Target))<<8)&$FF00)|((((HPZ_Jump2+Target))>>8)&$7F)|$80)
                        	else
                        	endif
                        	;dc.w	loc-*-1

000191                  HPZ_PSG3:
                        	;!@
                        	;dc.b nRst, $24, $0A, $10
000191 8024             	dc.b nRst, $24
                        	;!@ smpsNoteFill        $10
000193 E808             	dc.b	$E8, $08

000195                  HPZ_Loop4:
000195                  	smpsAlterVol		$FE
000195 E6FE             	dc.b	$E6,$FE
000197 B606             	dc.b nF4, $06
000199                  	smpsAlterVol		$02
000199 E602             	dc.b	$E6,$02
00019B BDBDB6BAB6       	dc.b nC5, nC5, nF4, nA4, nF4
0001A0                  	smpsAlterVol		$FE
0001A0 E6FE             	dc.b	$E6,$FE
0001A2 BC               	dc.b nB4
0001A3                  	smpsAlterVol		$02
0001A3 E602             	dc.b	$E6,$02
0001A5 B6BDB6BCB6       	dc.b nF4, nC5, nF4, nB4, nF4
0001AA                  	smpsLoop		$01, $10, HPZ_Loop4, Target
0001AA F7               	dc.b	$F7
0001AB 0110             	dc.b	$01,$10
                        	if (HPZ_Loop4<*)
0001AD                  		rom_ptr_z80(HPZ_Loop4+Target)
                        	;dc.w z80_ptr(ptr,addr)
0001AD 9581             	dc.w  (((((HPZ_Loop4+Target))<<8)&$FF00)|((((HPZ_Loop4+Target))>>8)&$7F)|$80)
                        	else
                        	endif
                        	;dc.w	loc-*-1

0001AF                  HPZ_Loop5:
0001AF C606C2C1BF       	dc.b nA5, $06, nF5, nE5, nD5
0001B4                  	smpsLoop		$01, $04, HPZ_Loop5, Target
0001B4 F7               	dc.b	$F7
0001B5 0104             	dc.b	$01,$04
                        	if (HPZ_Loop5<*)
0001B7                  		rom_ptr_z80(HPZ_Loop5+Target)
                        	;dc.w z80_ptr(ptr,addr)
0001B7 AF81             	dc.w  (((((HPZ_Loop5+Target))<<8)&$FF00)|((((HPZ_Loop5+Target))>>8)&$7F)|$80)
                        	else
                        	endif
                        	;dc.w	loc-*-1
0001B9 C606C2C1BEC6C4C1 	dc.b nA5, $06, nF5, nE5, nCs5, nA5, nG5, nE5
0001C1 BE               	dc.b nCs5
0001C2                  	smpsJump		HPZ_Loop4, Target
0001C2 F6               	dc.b	$F6
                        	if (HPZ_Loop4<*)
0001C3                  		rom_ptr_z80(HPZ_Loop4+Target)
                        	;dc.w z80_ptr(ptr,addr)
0001C3 9581             	dc.w  (((((HPZ_Loop4+Target))<<8)&$FF00)|((((HPZ_Loop4+Target))>>8)&$7F)|$80)
                        	else
                        	endif
                        	;dc.w	loc-*-1

0001C5                  HPZ_Call1:
0001C5 8B128C06870C8B0C 	dc.b pAKick, $12, pASnare, $06, pTomLow, $0C, pAKick, $0C
0001CD 8C128706         	dc.b pASnare, $12, pTomLow, $06
0001D1                  	smpsReturn
                        	;!@
                        	;dc.b	$E3
0001D1 F9               	dc.b	$F9

0001D2                  HPZ_PWM1:
0001D2 8C06850C8606870C 	dc.b pASnare, $06, pTomHi, $0C, pTomMid, $06, pTomLow, $0C

0001DA                  HPZ_Loop6:
0001DA                  	smpsCall		HPZ_Call1, Target
0001DA F8               	dc.b	$F8
                        	if (HPZ_Call1<*)
0001DB                  		rom_ptr_z80(HPZ_Call1+Target)
                        	;dc.w z80_ptr(ptr,addr)
0001DB C581             	dc.w  (((((HPZ_Call1+Target))<<8)&$FF00)|((((HPZ_Call1+Target))>>8)&$7F)|$80)
                        	else
                        	endif
                        	;dc.w	loc-*-1
0001DD                  	smpsLoop		$00, $07, HPZ_Loop6, Target
0001DD F7               	dc.b	$F7
0001DE 0007             	dc.b	$00,$07
                        	if (HPZ_Loop6<*)
0001E0                  		rom_ptr_z80(HPZ_Loop6+Target)
                        	;dc.w z80_ptr(ptr,addr)
0001E0 DA81             	dc.w  (((((HPZ_Loop6+Target))<<8)&$FF00)|((((HPZ_Loop6+Target))>>8)&$7F)|$80)
                        	else
                        	endif
                        	;dc.w	loc-*-1
0001E2 8B128C06870C8B06 	dc.b pAKick, $12, pASnare, $06, pTomLow, $0C, pAKick, $06
0001EA 850C86068B0C     	dc.b pTomHi, $0C, pTomMid, $06, pAKick, $0C

0001F0                  HPZ_Loop7:
0001F0                  	smpsCall		HPZ_Call1, Target
0001F0 F8               	dc.b	$F8
                        	if (HPZ_Call1<*)
0001F1                  		rom_ptr_z80(HPZ_Call1+Target)
                        	;dc.w z80_ptr(ptr,addr)
0001F1 C581             	dc.w  (((((HPZ_Call1+Target))<<8)&$FF00)|((((HPZ_Call1+Target))>>8)&$7F)|$80)
                        	else
                        	endif
                        	;dc.w	loc-*-1
0001F3                  	smpsLoop		$00, $08, HPZ_Loop7, Target
0001F3 F7               	dc.b	$F7
0001F4 0008             	dc.b	$00,$08
                        	if (HPZ_Loop7<*)
0001F6                  		rom_ptr_z80(HPZ_Loop7+Target)
                        	;dc.w z80_ptr(ptr,addr)
0001F6 F081             	dc.w  (((((HPZ_Loop7+Target))<<8)&$FF00)|((((HPZ_Loop7+Target))>>8)&$7F)|$80)
                        	else
                        	endif
                        	;dc.w	loc-*-1
0001F8 8B128C068B0C8B0C 	dc.b pAKick, $12, pASnare, $06, pAKick, $0C, pAKick, $0C
000200 8B8C8B128C068B0C 	dc.b pAKick, pASnare, pAKick, $12, pASnare, $06, pAKick, $0C
000208                  	smpsJump		HPZ_PWM1, Target
000208 F6               	dc.b	$F6
                        	if (HPZ_PWM1<*)
000209                  		rom_ptr_z80(HPZ_PWM1+Target)
                        	;dc.w z80_ptr(ptr,addr)
000209 D281             	dc.w  (((((HPZ_PWM1+Target))<<8)&$FF00)|((((HPZ_PWM1+Target))>>8)&$7F)|$80)
                        	else
                        	endif
                        	;dc.w	loc-*-1
                        	
00020B                  HPZ_NOP:
00020B                  	smpsStop
00020B F2               	dc.b	$F2

00020C                  HPZ_Patches:

                        	; Patch $00
00020C 3B               	dc.b	$3B
00020D 010213025D5D5D4A 	dc.b	$01, $02, $13, $02,	$5D, $5D, $5D, $4A
000215 0000000000000000 	dc.b	$00, $00, $00, $00,	$00, $00, $00, $00
00021D 0505040A1E1E2889 	dc.b	$05, $05, $04, $0A,	$1E, $1E, $28, $89
                        	;smpsVcAlgorithm	$03
                        	;smpsVcFeedback	$07
                        	;smpsVcDetune	$00, $01, $00, $00
                        	;smpsVcCoarseFreq	$01, $03, $02, $02
                        	;smpsVcRateScale	$01, $01, $01, $01
                        	;smpsVcAttackRate	$1D, $1D, $1D, $0A
                        	;smpsVcAmpMod	$00, $00, $00, $00
                        	;smpsVcDecayRate1	$00, $00, $00, $00
                        	;smpsVcDecayRate2	$00, $00, $00, $00
                        	;smpsVcDecayLevel	$00, $00, $00, $00
                        	;smpsVcReleaseRate	$05, $04, $05, $0A
                        	;smpsVcTotalLevel	$1E, $28, $1E, $09

                        	; Patch $01
000225 3A               	dc.b	$3A
000226 226871321216140C 	dc.b	$22, $68, $71, $32,	$12, $16, $14, $0C
00022E 0A060A0400000000 	dc.b	$0A, $06, $0A, $04,	$00, $00, $00, $00
000236 162656061F221C80 	dc.b	$16, $26, $56, $06,	$1F, $22, $1C, $80
                        	;smpsVcAlgorithm	$02
                        	;smpsVcFeedback	$07
                        	;smpsVcDetune	$02, $07, $06, $03
                        	;smpsVcCoarseFreq	$02, $01, $08, $02
                        	;smpsVcRateScale	$00, $00, $00, $00
                        	;smpsVcAttackRate	$12, $14, $16, $0C
                        	;smpsVcAmpMod	$00, $00, $00, $00
                        	;smpsVcDecayRate1	$0A, $0A, $06, $04
                        	;smpsVcDecayRate2	$01, $05, $02, $00
                        	;smpsVcDecayLevel	$00, $00, $00, $00
                        	;smpsVcReleaseRate	$06, $06, $06, $06
                        	;smpsVcTotalLevel	$1F, $1C, $22, $00

                        	; Patch $02
00023E 3B               	dc.b	$3B
00023F 323232724F181A11 	dc.b	$32, $32, $32, $72,	$4F, $18, $1A, $11
000247 0E160B0004000000 	dc.b	$0E, $16, $0B, $00,	$04, $00, $00, $00
00024F 5010000A1B1F1E80 	dc.b	$50, $10, $00, $0A,	$1B, $1F, $1E, $80
                        	;smpsVcAlgorithm	$03
                        	;smpsVcFeedback	$07
                        	;smpsVcDetune	$03, $03, $03, $07
                        	;smpsVcCoarseFreq	$02, $02, $02, $02
                        	;smpsVcRateScale	$01, $00, $00, $00
                        	;smpsVcAttackRate	$0F, $1A, $18, $11
                        	;smpsVcAmpMod	$00, $00, $00, $00
                        	;smpsVcDecayRate1	$0E, $0B, $16, $00
                        	;smpsVcDecayRate2	$05, $00, $01, $00
                        	;smpsVcDecayLevel	$04, $00, $00, $00
                        	;smpsVcReleaseRate	$00, $00, $00, $0A
                        	;smpsVcTotalLevel	$1B, $1E, $1F, $00

                        	; Patch $03
000257 38               	dc.b	$38
000258 3252327217181A11 	dc.b	$32, $52, $32, $72,	$17, $18, $1A, $11
000260 17160B0000000000 	dc.b	$17, $16, $0B, $00,	$00, $00, $00, $00
000268 1010000A20112180 	dc.b	$10, $10, $00, $0A,	$20, $11, $21, $80
                        	;smpsVcAlgorithm	$00
                        	;smpsVcFeedback	$07
                        	;smpsVcDetune	$03, $03, $05, $07
                        	;smpsVcCoarseFreq	$02, $02, $02, $02
                        	;smpsVcRateScale	$00, $00, $00, $00
                        	;smpsVcAttackRate	$17, $1A, $18, $11
                        	;smpsVcAmpMod	$00, $00, $00, $00
                        	;smpsVcDecayRate1	$17, $0B, $16, $00
                        	;smpsVcDecayRate2	$01, $00, $01, $00
                        	;smpsVcDecayLevel	$00, $00, $00, $00
                        	;smpsVcReleaseRate	$00, $00, $00, $0A
                        	;smpsVcTotalLevel	$20, $21, $11, $00

00000 Total Error(s)

CFM3               00000002 E  CFM4               00000004 E  CFM5               00000005 E
CFM6               00000006 E  CNOISE             000000E0 E  CPSG1              00000080 E
CPSG2              000000A0 E  CPSG3              000000C0 E  CPWM1              00000018 E
CPWM2              0000001A E  CPWM3              0000001C E  CPWM4              0000001E E
DFLOORTIMPANI      0000008B E  DHITIMPANI         00000088 E  DKICK              00000081 E
DLOWTIMPANI        0000008A E  DMIDTIMPANI        00000089 E  DSNARE             00000082 E
DTIMPANI           00000083 E  DVLOWTIMPANI       0000008B E  FMPITCH1           00000000 E
FMPITCH2           0000000C E  FMPITCH3           000000F4 E  FMVOL1             00000006 E
FMVOL2             00000010 E  FMVOL3             00000014 E  FMVOL4             0000000E E
HPZ_CALL1          000001C5    HPZ_FM1            00000070    HPZ_FM2            000000C3
HPZ_FM3            00000143    HPZ_FM4            0000004E    HPZ_FM5            00000040
HPZ_JUMP1          000000CF    HPZ_JUMP2          00000152    HPZ_JUMP3          00000077
HPZ_LOOP1          00000079    HPZ_LOOP2          000000C5    HPZ_LOOP3          0000014E
HPZ_LOOP4          00000195    HPZ_LOOP5          000001AF    HPZ_LOOP6          000001DA
HPZ_LOOP7          000001F0    HPZ_NOP            0000020B    HPZ_PATCHES        0000020C
HPZ_PSG1           0000005C    HPZ_PSG2           00000064    HPZ_PSG3           00000191
HPZ_PWM1           000001D2    NA0                0000008A E  NA1                00000096 E
NA2                000000A2 E  NA3                000000AE E  NA4                000000BA E
NA5                000000C6 E  NA6                000000D2 E  NA7                000000DE E
NAB0               00000089 E  NAB1               00000095 E  NAB2               000000A1 E
NAB3               000000AD E  NAB4               000000B9 E  NAB5               000000C5 E
NAB6               000000D1 E  NAB7               000000DD E  NB0                0000008C E
NB1                00000098 E  NB2                000000A4 E  NB3                000000B0 E
NB4                000000BC E  NB5                000000C8 E  NB6                000000D4 E
NBB0               0000008B E  NBB1               00000097 E  NBB2               000000A3 E
NBB3               000000AF E  NBB4               000000BB E  NBB5               000000C7 E
NBB6               000000D3 E  NBB7               000000DF E  NC0                00000081 E
NC1                0000008D E  NC2                00000099 E  NC3                000000A5 E
NC4                000000B1 E  NC5                000000BD E  NC6                000000C9 E
NC7                000000D5 E  NCS0               00000082 E  NCS1               0000008E E
NCS2               0000009A E  NCS3               000000A6 E  NCS4               000000B2 E
NCS5               000000BE E  NCS6               000000CA E  NCS7               000000D6 E
ND0                00000083 E  ND1                0000008F E  ND2                0000009B E
ND3                000000A7 E  ND4                000000B3 E  ND5                000000BF E
ND6                000000CB E  ND7                000000D7 E  NE0                00000085 E
NE1                00000091 E  NE2                0000009D E  NE3                000000A9 E
NE4                000000B5 E  NE5                000000C1 E  NE6                000000CD E
NE7                000000D9 E  NEB0               00000084 E  NEB1               00000090 E
NEB2               0000009C E  NEB3               000000A8 E  NEB4               000000B4 E
NEB5               000000C0 E  NEB6               000000CC E  NEB7               000000D8 E
NF0                00000086 E  NF1                00000092 E  NF2                0000009E E
NF3                000000AA E  NF4                000000B6 E  NF5                000000C2 E
NF6                000000CE E  NF7                000000DA E  NFS0               00000087 E
NFS1               00000093 E  NFS2               0000009F E  NFS3               000000AB E
NFS4               000000B7 E  NFS5               000000C3 E  NFS6               000000CF E
NFS7               000000DB E  NG0                00000088 E  NG1                00000094 E
NG2                000000A0 E  NG3                000000AC E  NG4                000000B8 E
NG5                000000C4 E  NG6                000000D0 E  NG7                000000DC E
NRST               00000080 E  PAKICK             0000008B E  PANCENTER          000000C0 S
PANCENTRE          000000C0 S  PANLEFT            00000080 S  PANNONE            00000000 S
PANRIGHT           00000040 S  PASNARE            0000008C E  PBELL              0000008D E
PBONGOHI           00000092 E  PBONGOLO           00000093 E  PCLAP              0000008A E
PCLICKHI           00000090 E  PCLICKLO           00000091 E  PCLOSEDHH          00000098 E
PCOWBELL           0000008F E  PCRASHCYMB         00000089 E  PCRA_D81           00000081 E
PCRA_D82           0000008C E  PCRA_D83           00000085 E  PCRA_D84           00000086 E
PCRA_D85           00000087 E  PEHIHAT            00000088 E  PEKICK             00000081 E
PESNARE            00000082 E  PFINGSNAP          0000008E E  PFINGSNAPHI        0000008E E
PFINGSNAPLO        0000009E E  PNEPDADA           0000009D E  POPENHH            00000099 E
PORCHHITHI         0000009F E  PORCHHITLO         000000A1 E  PORCHHITLOWER      000000A2 E
PORCHHITMED        000000A0 E  PRIDEBELL          00000084 E  PSEGA              00000097 E
PSGDELTA           0000000C E  PSGNULL            00000000 E  PSGPITCH1          000000F4 E
PSGPITCH2          00000000 E  PSGVOI1            00000000 E  PSGVOI2            00000008 E
PSGVOL1            00000006 E  PSGVOL2            00000008 E  PSILENCE           00000096 E
PSPLASHCYMB        00000083 E  PTIMPANIHI         00000094 E  PTIMPANILO         00000095 E
PTOMHI             00000085 E  PTOMLOW            00000087 E  PTOMLOWER          0000009A E
PTOMLOWERER        0000009B E  PTOMLOWEREST       0000009C E  PTOMMID            00000086 E
PWMPITCH           00000000 E  PWMVOL             000000EE E  SMPSED             000000ED E
SMPSEE             000000EE E  SMPSF9             000000F9 E  SMPSMODOFF         000000F4 E
SMPSMODON          000000F1 E  SMPSNOATTACK       000000E7 E  SMPSPITCH00        00000000 E
SMPSPITCH01HI      0000000C E  SMPSPITCH01LO      000000F4 E  SMPSPITCH02HI      00000018 E
SMPSPITCH02LO      000000E8 E  SMPSPITCH03HI      00000024 E  SMPSPITCH03LO      000000DC E
SMPSPITCH04HI      00000030 E  SMPSPITCH04LO      000000D0 E  SMPSPITCH05HI      0000003C E
SMPSPITCH05LO      000000C4 E  SMPSPITCH06HI      00000048 E  SMPSPITCH06LO      000000B8 E
SMPSPITCH07HI      00000054 E  SMPSPITCH07LO      000000AC E  SMPSPITCH08HI      00000060 E
SMPSPITCH08LO      000000A0 E  SMPSPITCH09HI      0000006C E  SMPSPITCH09LO      00000094 E
SMPSPITCH10HI      00000078 E  SMPSPITCH10LO      00000088 E  TARGET             00040000 E
