00000000                            	include "Palc_Hdr.asm"
00000000 =00000000                  TableEnd:	equ		$0000
00000000 =0000FFFE                  PingPong:	equ 	$FFFE
00000000 =0000FFFF                  Terminate:	equ 	$FFFF
00000000 =0000FFFF                  Terminate:	equ 	$FFFF
00000000                            	
00000000                            	;Speed constants
00000000 =00000004                  	Speed_Fast:		equ	$0004				;Speed for MSN BG factory red light (4 frames)
00000000 =00000008                  	Speed_Slow:		equ	$0008				;Speed for everything except MSN BG factory red light (8 frames)
00000000                            	
00000000                            	;Blink1 FG palette offset constants
00000000 =00000014                  	Blink1A_Pal:	equ	$0014				;Palette offset for 	Blink1A
00000000 =00000016                  	Blink1B_Pal:	equ	$0016				;~						Blink1B
00000000 =00000018                  	Blink1C_Pal:	equ	$0018				;~						Blink1C
00000000                            	
00000000                            	;Blink2 BG pallet offset constants
00000000 =0000005A                  	Blink2C_Pal:	equ	$005A				;Palette offset for		Blink2C
00000000 =0000005C                  	Blink2A_Pal:	equ	$005C				;~						Blink2A
00000000 =0000005E                  	Blink2B_Pal:	equ	$005E				;~						Blink2B
00000000                            	
00000000                            ActTOD_Hdr:
00000000 0000                       		ATH_TTZ0M:	dc.w	Palc_TblM-ATH_TTZ0M
00000002 0000                       		ATH_TTZ0D:	dc.w	Palc_TblD-ATH_TTZ0D
00000004 0000                       		ATH_TTZ0S:	dc.w	Palc_TblS-ATH_TTZ0S
00000006 0000                       		ATH_TTZ0N:	dc.w	Palc_TblN-ATH_TTZ0N		
00000008 0000                       		ATH_TTZ1M:	dc.w	Palc_TblM-ATH_TTZ1M
0000000A 0000                       		ATH_TTZ1D:	dc.w	Palc_TblD-ATH_TTZ1D
0000000C 0000                       		ATH_TTZ1S:	dc.w	Palc_TblS-ATH_TTZ1S
0000000E 0000                       		ATH_TTZ1N:	dc.w	Palc_TblN-ATH_TTZ1N		
00000010 0000                       		ATH_TTZ2M:	dc.w	Palc_TblM-ATH_TTZ2M
00000012 0000                       		ATH_TTZ2D:	dc.w	Palc_TblD-ATH_TTZ2D
00000014 0000                       		ATH_TTZ2S:	dc.w	Palc_TblS-ATH_TTZ2S
00000016 0000                       		ATH_TTZ2N:	dc.w	Palc_TblN-ATH_TTZ2N		
00000018 0000                       		ATH_TTZ3M:	dc.w	Palc_TblM-ATH_TTZ3M
0000001A 0000                       		ATH_TTZ3D:	dc.w	Palc_TblD-ATH_TTZ3D
0000001C 0000                       		ATH_TTZ3S:	dc.w	Palc_TblS-ATH_TTZ3S
0000001E 0000                       		ATH_TTZ3N:	dc.w	Palc_TblN-ATH_TTZ3N		
00000020 0000                       		ATH_TTZ4M:	dc.w	Palc_TblM-ATH_TTZ4M
00000022 0000                       		ATH_TTZ4D:	dc.w	Palc_TblD-ATH_TTZ4D
00000024 0000                       		ATH_TTZ4S:	dc.w	Palc_TblS-ATH_TTZ4S
00000026 0000                       		ATH_TTZ4N:	dc.w	Palc_TblN-ATH_TTZ4N		
00000028 0000                       		ATH_TTZ5M:	dc.w	Palc_TblM-ATH_TTZ5M
0000002A 0000                       		ATH_TTZ5D:	dc.w	Palc_TblD-ATH_TTZ5D
0000002C 0000                       		ATH_TTZ5S:	dc.w	Palc_TblS-ATH_TTZ5S
0000002E 0000                       		ATH_TTZ5N:	dc.w	Palc_TblN-ATH_TTZ5N
00000030 0000                       		ATH_TTZ6M:	dc.w	Palc_TblM-ATH_TTZ6M
00000032 0000                       		ATH_TTZ6D:	dc.w	Palc_TblD-ATH_TTZ6D
00000034 0000                       		ATH_TTZ6S:	dc.w	Palc_TblS-ATH_TTZ6S
00000036 0000                       		ATH_TTZ6N:	dc.w	Palc_TblN-ATH_TTZ6N
00000038                            	
00000038                            	;All TOD tables have same FG palcycle (red, yellow, brown light blinking)
00000038                            	;Each TOD table has its own BG palcycle variant for thw water reflection
00000038                            	;Additionally, MSN TOD has a BG palcycle for the red factory lights
00000038                            	Palc_TblM:
00000038 0000                       		Palc_Tbl_M1:	dc.w	Blink1A-Palc_TblM
0000003A 0000                       		Palc_Tbl_M2:	dc.w	Blink1B-Palc_TblM
0000003C 0000                       		Palc_Tbl_M3:	dc.w	Blink1C-Palc_TblM
0000003E 0000                       		Palc_Tbl_M4:	dc.w	Blink2A_M-Palc_TblM
00000040 0000                       		Palc_Tbl_M5:	dc.w	Blink2B_M-Palc_TblM
00000042 0000                       		Palc_Tbl_M6:	dc.w	Blink2C_MSN-Palc_TblM	;Blink2C factory red light
00000044 0000                       						dc.w	TableEnd
00000046                            						
00000046                            	Palc_TblD:
00000046 0000                       		Palc_Tbl_D1:	dc.w	Blink1A-Palc_TblD
00000048 0000                       		Palc_Tbl_D2:	dc.w	Blink1B-Palc_TblD
0000004A 0000                       		Palc_Tbl_D3:	dc.w	Blink1C-Palc_TblD
0000004C 0000                       		Palc_Tbl_D4:	dc.w	Blink2A_D-Palc_TblD
0000004E 0000                       		Palc_Tbl_D5:	dc.w	Blink2B_D-Palc_TblD
00000050 0000                       						dc.w	TableEnd
00000052                            						
00000052                            	Palc_TblS:
00000052 0000                       		Palc_Tbl_S1:	dc.w	Blink1A-Palc_TblS
00000054 0000                       		Palc_Tbl_S2:	dc.w	Blink1B-Palc_TblS
00000056 0000                       		Palc_Tbl_S3:	dc.w	Blink1C-Palc_TblS
00000058 0000                       		Palc_Tbl_S4:	dc.w	Blink2A_S-Palc_TblS
0000005A 0000                       		Palc_Tbl_S5:	dc.w	Blink2B_S-Palc_TblS
0000005C 0000                       		Palc_Tbl_S6:	dc.w	Blink2C_MSN-Palc_TblS	;Blink2C factory red light
0000005E 0000                       						dc.w	TableEnd
00000060                            						
00000060                            	Palc_TblN:
00000060 0000                       		Palc_Tbl_N1:	dc.w	Blink1A-Palc_TblN
00000062 0000                       		Palc_Tbl_N2:	dc.w	Blink1B-Palc_TblN
00000064 0000                       		Palc_Tbl_N3:	dc.w	Blink1C-Palc_TblN
00000066 0000                       		Palc_Tbl_N4:	dc.w	Blink2A_N-Palc_TblN
00000068 0000                       		Palc_Tbl_N5:	dc.w	Blink2B_N-Palc_TblN
0000006A 0000                       		Palc_Tbl_N6:	dc.w	Blink2C_MSN-Palc_TblN	;Blink2C factory red light
0000006C 0000                       						dc.w	TableEnd						
0000006E                            		
0000006E                            	Blink1A:
0000006E 0014                       		dc.w	Blink1A_Pal
00000070 0024 0008                  		dc.w	$0024, Speed_Slow
00000074 0046 0008                  		dc.w	$0046, Speed_Slow
00000078 00EE 0008                  		dc.w	$00EE, Speed_Slow
0000007C 00AC 0008                  		dc.w	$00AC, Speed_Slow
00000080 0068 0008                  		dc.w	$0068, Speed_Slow
00000084 0046 0008                  		dc.w	$0046, Speed_Slow
00000088 FFFF                       		dc.w	Terminate
0000008A                            		
0000008A                            	Blink1B:
0000008A 0016                       		dc.w	Blink1B_Pal
0000008C 0202 0008                  		dc.w	$0202, Speed_Slow
00000090 0022 0008                  		dc.w	$0022, Speed_Slow
00000094 006A 0008                  		dc.w	$006A, Speed_Slow
00000098 0048 0008                  		dc.w	$0048, Speed_Slow
0000009C 0024 0008                  		dc.w	$0024, Speed_Slow
000000A0 0022 0008                  		dc.w	$0022, Speed_Slow
000000A4 FFFF                       		dc.w	Terminate
000000A6                            		
000000A6                            	Blink1C:
000000A6 0018                       		dc.w	Blink1C_Pal
000000A8 0002 0008                  		dc.w	$0002, Speed_Slow
000000AC 0004 0008                  		dc.w	$0004, Speed_Slow
000000B0 002E 0008                  		dc.w	$002E, Speed_Slow
000000B4 000A 0008                  		dc.w	$000A, Speed_Slow
000000B8 0006 0008                  		dc.w	$0006, Speed_Slow
000000BC 0004 0008                  		dc.w	$0004, Speed_Slow
000000C0 FFFF                       		dc.w	Terminate
000000C2                            	
000000C2                            	Blink2A_M:
000000C2 005C                       		dc.w	Blink2A_Pal
000000C4 0A66 0008                  		dc.w	$0A66, Speed_Slow
000000C8 0C66 0008                  		dc.w	$0C66, Speed_Slow
000000CC 0C86 0008                  		dc.w	$0C86, Speed_Slow
000000D0 0C88 0008                  		dc.w	$0C88, Speed_Slow
000000D4 0A88 0008                  		dc.w	$0A88, Speed_Slow
000000D8 0A68 0008                  		dc.w	$0A68, Speed_Slow
000000DC FFFF                       		dc.w	Terminate
000000DE                            		
000000DE                            	Blink2A_D:
000000DE 005C                       		dc.w	Blink2A_Pal
000000E0 0840 0008                  		dc.w	$0840, Speed_Slow
000000E4 0820 0008                  		dc.w	$0820, Speed_Slow		
000000E8 0800 0008                  		dc.w	$0800, Speed_Slow
000000EC 0820 0008                  		dc.w	$0820, Speed_Slow
000000F0 FFFF                       		dc.w	Terminate
000000F2                            		
000000F2                            	Blink2A_S:
000000F2 005C                       		dc.w	Blink2A_Pal
000000F4 0628 0008                  		dc.w	$0628, Speed_Slow
000000F8 062A 0008                  		dc.w	$062A, Speed_Slow
000000FC 082A 0008                  		dc.w	$082A, Speed_Slow
00000100 0828 0008                  		dc.w	$0828, Speed_Slow
00000104 FFFF                       		dc.w	Terminate
00000106                            		
00000106                            	Blink2A_N:
00000106 005C                       		dc.w	Blink2A_Pal
00000108 0002 0008                  		dc.w	$0002, Speed_Slow
0000010C 0004 0008                  		dc.w	$0004, Speed_Slow
00000110 0006 0008                  		dc.w	$0006, Speed_Slow
00000114 0004 0008                  		dc.w	$0004, Speed_Slow
00000118 FFFF                       		dc.w	Terminate
0000011A                            		
0000011A                            	Blink2B_M:
0000011A 005E                       		dc.w	Blink2B_Pal
0000011C 0C88 0008                  		dc.w	$0C88, Speed_Slow
00000120 0C86 0008                  		dc.w	$0C86, Speed_Slow
00000124 0C66 0008                  		dc.w	$0C66, Speed_Slow
00000128 0A66 0008                  		dc.w	$0A66, Speed_Slow
0000012C 0A68 0008                  		dc.w	$0A68, Speed_Slow
00000130 0A88 0008                  		dc.w	$0A88, Speed_Slow
00000134 FFFF                       		dc.w	Terminate
00000136                            		
00000136                            	Blink2B_D:
00000136 005E                       		dc.w	Blink2B_Pal
00000138 0800 0008                  		dc.w	$0800, Speed_Slow
0000013C 0820 0008                  		dc.w	$0820, Speed_Slow
00000140 0840 0008                  		dc.w	$0840, Speed_Slow
00000144 0820 0008                  		dc.w	$0820, Speed_Slow
00000148 FFFF                       		dc.w	Terminate
0000014A                            		
0000014A                            	Blink2B_S:
0000014A 005E                       		dc.w	Blink2B_Pal
0000014C 082A 0008                  		dc.w	$082A, Speed_Slow
00000150 0828 0008                  		dc.w	$0828, Speed_Slow
00000154 0628 0008                  		dc.w	$0628, Speed_Slow
00000158 062A 0008                  		dc.w	$062A, Speed_Slow
0000015C FFFF                       		dc.w	Terminate
0000015E                            		
0000015E                            	Blink2B_N:
0000015E 005E                       		dc.w	Blink2B_Pal
00000160 0006 0008                  		dc.w	$0006, Speed_Slow
00000164 0004 0008                  		dc.w	$0004, Speed_Slow
00000168 0002 0008                  		dc.w	$0002, Speed_Slow
0000016C 0004 0008                  		dc.w	$0004, Speed_Slow
00000170 FFFF                       		dc.w	Terminate
00000172                            		
00000172                            	Blink2C_MSN:
00000172 005A                       		dc.w	Blink2C_Pal
00000174 0006 0004                  		dc.w	$0006, Speed_Fast
00000178 0008 0004                  		dc.w	$0008, Speed_Fast
0000017C 000A 0004                  		dc.w	$000A, Speed_Fast
00000180 000C 0004                  		dc.w	$000C, Speed_Fast
00000184 000E 0004                  		dc.w	$000E, Speed_Fast
00000188 FFFE                       		dc.w	PingPong
